<?xml version="1.0" encoding="UTF-8"?>
<!-- Generated by org.testng.reporters.JUnitReportReporter -->
<testsuite hostname="DESKTOP-3GSDB98" failures="0" tests="1" name="ActionConcepts.CopyAndPasteConcept" time="41.383" errors="0" timestamp="2023-06-04T19:44:24 IST" skipped="0">
  <testcase classname="ActionConcepts.CopyAndPasteConcept" name="alertHandling" time="41.383"/>
  <system-out/>
</testsuite> <!-- ActionConcepts.CopyAndPasteConcept -->
