<?xml version="1.0" encoding="UTF-8"?>
<!-- Generated by org.testng.reporters.JUnitReportReporter -->
<testsuite hostname="DESKTOP-3GSDB98" failures="0" tests="6" name="testng.com.PriorityConcept" time="0.078" errors="0" timestamp="2023-05-26T14:48:22 IST" skipped="0">
  <testcase classname="testng.com.PriorityConcept" name="ad" time="0.035"/>
  <system-out/>
  <testcase classname="testng.com.PriorityConcept" name="f" time="0.006"/>
  <system-out/>
  <testcase classname="testng.com.PriorityConcept" name="ae" time="0.002"/>
  <system-out/>
  <testcase classname="testng.com.PriorityConcept" name="b" time="0.005"/>
  <system-out/>
  <testcase classname="testng.com.PriorityConcept" name="e" time="0.014"/>
  <system-out/>
  <testcase classname="testng.com.PriorityConcept" name="c" time="0.016"/>
  <system-out/>
</testsuite> <!-- testng.com.PriorityConcept -->
