<?xml version="1.0" encoding="UTF-8"?>
<!-- Generated by org.testng.reporters.JUnitReportReporter -->
<testsuite hostname="DESKTOP-3GSDB98" failures="0" tests="1" name="testng.com.FirstTestngProgram" time="68.693" errors="0" timestamp="2023-05-24T06:17:19 IST" skipped="0">
  <testcase classname="testng.com.FirstTestngProgram" name="loginPage" time="68.693"/>
  <system-out/>
</testsuite> <!-- testng.com.FirstTestngProgram -->
