<?xml version="1.0" encoding="UTF-8"?>
<!-- Generated by org.testng.reporters.JUnitReportReporter -->
<testsuite hostname="DESKTOP-3GSDB98" failures="0" tests="1" name="WindowHandleConcept.WindowHandleDemo3" time="71.276" errors="0" timestamp="2023-06-07T08:06:51 IST" skipped="0">
  <testcase classname="WindowHandleConcept.WindowHandleDemo3" name="windownHandleDemo" time="71.276"/>
  <system-out/>
</testsuite> <!-- WindowHandleConcept.WindowHandleDemo3 -->
