<?xml version="1.0" encoding="UTF-8"?>
<!-- Generated by org.testng.reporters.JUnitReportReporter -->
<testsuite hostname="DESKTOP-3GSDB98" failures="0" tests="4" name="testng.com.APIOperations" time="0.050" errors="0" timestamp="2023-05-27T14:20:27 IST" skipped="0">
  <testcase classname="testng.com.APIOperations" name="createUserDeatilsTest" time="0.037"/>
  <system-out/>
  <testcase classname="testng.com.APIOperations" name="getUserDeatilsTest" time="0.007"/>
  <system-out/>
  <testcase classname="testng.com.APIOperations" name="updateUserDeatilsTest" time="0.003"/>
  <system-out/>
  <testcase classname="testng.com.APIOperations" name="delteUserDeatilsTest" time="0.003"/>
  <system-out/>
</testsuite> <!-- testng.com.APIOperations -->
