<?xml version="1.0" encoding="UTF-8"?>
<!-- Generated by org.testng.reporters.JUnitReportReporter -->
<testsuite hostname="DESKTOP-3GSDB98" failures="0" tests="1" name="ActionConcepts.DragAndDropConcept" time="43.021" errors="0" timestamp="2023-06-04T19:59:14 IST" skipped="0">
  <testcase classname="ActionConcepts.DragAndDropConcept" name="alertHandling" time="43.021"/>
  <system-out/>
</testsuite> <!-- ActionConcepts.DragAndDropConcept -->
