<?xml version="1.0" encoding="UTF-8"?>
<!-- Generated by org.testng.reporters.JUnitReportReporter -->
<testsuite hostname="DESKTOP-3GSDB98" failures="0" tests="1" name="ActionConcepts.DragAndDropConcept3" time="39.420" errors="0" timestamp="2023-06-04T20:22:55 IST" skipped="0">
  <testcase classname="ActionConcepts.DragAndDropConcept3" name="dragAndDrop1" time="39.420"/>
  <system-out/>
</testsuite> <!-- ActionConcepts.DragAndDropConcept3 -->
