<?xml version="1.0" encoding="UTF-8"?>
<!-- Generated by org.testng.reporters.JUnitReportReporter -->
<testsuite hostname="DESKTOP-3GSDB98" failures="0" tests="3" name="testng.com.DataproviderConcept1" time="4.907" errors="0" timestamp="2023-05-28T18:50:01 IST" skipped="0">
  <testcase classname="testng.com.DataproviderConcept1" name="loginTestWithDetails" time="0.869"/>
  <system-out/>
  <testcase classname="testng.com.DataproviderConcept1" name="loginTestWithDetails" time="0.676"/>
  <system-out/>
  <testcase classname="testng.com.DataproviderConcept1" name="loginTestWithDetails" time="3.362"/>
  <system-out/>
</testsuite> <!-- testng.com.DataproviderConcept1 -->
