<?xml version="1.0" encoding="UTF-8"?>
<!-- Generated by org.testng.reporters.JUnitReportReporter -->
<testsuite hostname="DESKTOP-3GSDB98" failures="0" tests="1" name="FindelementsConcept.RealTimeSecnario" time="112.281" errors="0" timestamp="2023-06-03T08:01:54 IST" skipped="0">
  <testcase classname="FindelementsConcept.RealTimeSecnario" name="searchAndClickOn" time="112.281"/>
  <system-out/>
</testsuite> <!-- FindelementsConcept.RealTimeSecnario -->
