<?xml version="1.0" encoding="UTF-8"?>
<!-- Generated by org.testng.reporters.JUnitReportReporter -->
<testsuite hostname="DESKTOP-3GSDB98" failures="0" tests="1" name="ActionConcepts.MoveToElementConcept2" time="52.261" errors="0" timestamp="2023-06-04T20:18:36 IST" skipped="0">
  <testcase classname="ActionConcepts.MoveToElementConcept2" name="alertHandling" time="52.261"/>
  <system-out/>
</testsuite> <!-- ActionConcepts.MoveToElementConcept2 -->
