<?xml version="1.0" encoding="UTF-8"?>
<!-- Generated by org.testng.reporters.JUnitReportReporter -->
<testsuite hostname="DESKTOP-3GSDB98" failures="0" tests="1" name="AlertsConcept.AlertConcept2" time="44.160" errors="0" timestamp="2023-06-04T19:17:16 IST" skipped="0">
  <testcase classname="AlertsConcept.AlertConcept2" name="alertHandling" time="44.160"/>
  <system-out/>
</testsuite> <!-- AlertsConcept.AlertConcept2 -->
