<?xml version="1.0" encoding="UTF-8"?>
<!-- Generated by org.testng.reporters.JUnitReportReporter -->
<testsuite hostname="DESKTOP-3GSDB98" failures="0" tests="2" name="AlertsConcept.AlertDemo" time="75.978" errors="0" timestamp="2023-06-04T19:12:03 IST" skipped="0">
  <testcase classname="AlertsConcept.AlertDemo" name="alertHandling2" time="24.720"/>
  <system-out/>
  <testcase classname="AlertsConcept.AlertDemo" name="alertHandling" time="51.258"/>
  <system-out/>
</testsuite> <!-- AlertsConcept.AlertDemo -->
