<?xml version="1.0" encoding="UTF-8"?>
<!-- Generated by org.testng.reporters.JUnitReportReporter -->
<testsuite hostname="DESKTOP-3GSDB98" failures="0" tests="3" name="testng.com.TestngConcept2" time="52.479" errors="0" timestamp="2023-05-26T10:59:38 IST" skipped="0">
  <testcase classname="testng.com.TestngConcept2" name="loginpage" time="15.251"/>
  <system-out/>
  <testcase classname="testng.com.TestngConcept2" name="titleOfPage" time="27.376"/>
  <system-out/>
  <testcase classname="testng.com.TestngConcept2" name="selectRememberme" time="9.852"/>
  <system-out/>
</testsuite> <!-- testng.com.TestngConcept2 -->
