<?xml version="1.0" encoding="UTF-8"?>
<!-- Generated by org.testng.reporters.JUnitReportReporter -->
<testsuite hostname="DESKTOP-3GSDB98" failures="0" tests="3" name="runningdifferent.RegressionSuiteConcept1" time="158.432" errors="0" timestamp="2023-05-30T20:32:45 IST" skipped="0">
  <testcase classname="runningdifferent.RegressionSuiteConcept1" name="userLoginTest" time="57.033"/>
  <system-out/>
  <testcase classname="runningdifferent.RegressionSuiteConcept1" name="getTitlePage" time="48.376"/>
  <system-out/>
  <testcase classname="runningdifferent.RegressionSuiteConcept1" name="getCurrentUrlPage" time="53.023"/>
  <system-out/>
</testsuite> <!-- runningdifferent.RegressionSuiteConcept1 -->
