<?xml version="1.0" encoding="UTF-8"?>
<!-- Generated by org.testng.reporters.JUnitReportReporter -->
<testsuite hostname="DESKTOP-3GSDB98" failures="0" tests="1" name="WindowHandleConcept.WindowHandleDemo" time="52.783" errors="0" timestamp="2023-06-07T07:51:02 IST" skipped="0">
  <testcase classname="WindowHandleConcept.WindowHandleDemo" name="alertHandling" time="52.783"/>
  <system-out/>
</testsuite> <!-- WindowHandleConcept.WindowHandleDemo -->
