<?xml version="1.0" encoding="UTF-8"?>
<!-- Generated by org.testng.reporters.JUnitReportReporter -->
<testsuite hostname="DESKTOP-3GSDB98" failures="0" tests="1" name="ActionConcepts.ActionConcept2" time="41.599" errors="0" timestamp="2023-06-04T19:40:15 IST" skipped="0">
  <testcase classname="ActionConcepts.ActionConcept2" name="alertHandling" time="41.599"/>
  <system-out/>
</testsuite> <!-- ActionConcepts.ActionConcept2 -->
