<?xml version="1.0" encoding="UTF-8"?>
<!-- Generated by org.testng.reporters.JUnitReportReporter -->
<testsuite hostname="DESKTOP-3GSDB98" failures="0" tests="1" name="testng.com.FindtheTotallinksPage" time="68.947" errors="0" timestamp="2023-06-02T07:24:11 IST" skipped="0">
  <testcase classname="testng.com.FindtheTotallinksPage" name="findingTheTotalLinks" time="68.947"/>
  <system-out/>
</testsuite> <!-- testng.com.FindtheTotallinksPage -->
