<?xml version="1.0" encoding="UTF-8"?>
<!-- Generated by org.testng.reporters.JUnitReportReporter -->
<testsuite hostname="DESKTOP-3GSDB98" failures="0" tests="1" name="testng.com.ExceptionExpectedConcept" time="0.030" errors="0" timestamp="2023-05-26T14:51:17 IST" skipped="0">
  <testcase classname="testng.com.ExceptionExpectedConcept" name="add" time="0.030"/>
  <system-out/>
</testsuite> <!-- testng.com.ExceptionExpectedConcept -->
