<?xml version="1.0" encoding="UTF-8"?>
<!-- Generated by org.testng.reporters.JUnitReportReporter -->
<testsuite hostname="DESKTOP-3GSDB98" failures="0" tests="3" name="testng.com.DependsonMethodConcept" time="0.036" errors="0" timestamp="2023-05-27T18:23:47 IST" skipped="0">
  <testcase classname="testng.com.DependsonMethodConcept" name="homepage" time="0.003"/>
  <system-out/>
  <testcase classname="testng.com.DependsonMethodConcept" name="productlist" time="0.005"/>
  <system-out/>
  <testcase classname="testng.com.DependsonMethodConcept" name="loginpage" time="0.028"/>
  <system-out/>
</testsuite> <!-- testng.com.DependsonMethodConcept -->
