<?xml version="1.0" encoding="UTF-8"?>
<!-- Generated by org.testng.reporters.JUnitReportReporter -->
<testsuite hostname="DESKTOP-3GSDB98" failures="0" tests="1" name="WindowHandleConcept.WindowHandleDemo2" time="51.253" errors="0" timestamp="2023-06-07T08:01:38 IST" skipped="0">
  <testcase classname="WindowHandleConcept.WindowHandleDemo2" name="windownHandleDemo" time="51.253"/>
  <system-out/>
</testsuite> <!-- WindowHandleConcept.WindowHandleDemo2 -->
