<?xml version="1.0" encoding="UTF-8"?>
<!-- Generated by org.testng.reporters.JUnitReportReporter -->
<testsuite hostname="DESKTOP-3GSDB98" failures="0" tests="1" name="ActionConcepts.WindowHandleConcpet" time="101.092" errors="0" timestamp="2023-06-07T06:47:11 IST" skipped="0">
  <testcase classname="ActionConcepts.WindowHandleConcpet" name="windowHandle" time="101.092"/>
  <system-out/>
</testsuite> <!-- ActionConcepts.WindowHandleConcpet -->
