<?xml version="1.0" encoding="UTF-8"?>
<!-- Generated by org.testng.reporters.JUnitReportReporter -->
<testsuite hostname="DESKTOP-3GSDB98" failures="0" tests="1" name="ActionConcepts.ContextClickConcept" time="41.007" errors="0" timestamp="2023-06-04T20:12:42 IST" skipped="0">
  <testcase classname="ActionConcepts.ContextClickConcept" name="alertHandling" time="41.007"/>
  <system-out/>
</testsuite> <!-- ActionConcepts.ContextClickConcept -->
