<?xml version="1.0" encoding="UTF-8"?>
<!-- Generated by org.testng.reporters.JUnitReportReporter -->
<testsuite hostname="DESKTOP-3GSDB98" failures="0" tests="1" name="testng.com.OrderOfExecution" time="0.030" errors="0" timestamp="2023-05-25T19:54:11 IST" skipped="0">
  <testcase classname="testng.com.OrderOfExecution" name="e" time="0.030"/>
  <system-out/>
</testsuite> <!-- testng.com.OrderOfExecution -->
