<?xml version="1.0" encoding="UTF-8"?>
<!-- Generated by org.testng.reporters.JUnitReportReporter -->
<testsuite hostname="DESKTOP-3GSDB98" failures="0" tests="1" name="TakingScreenShotDemo.TakingScreenDemo" time="89.772" errors="0" timestamp="2023-06-07T18:19:43 IST" skipped="0">
  <testcase classname="TakingScreenShotDemo.TakingScreenDemo" name="takeScreen" time="89.772"/>
  <system-out/>
</testsuite> <!-- TakingScreenShotDemo.TakingScreenDemo -->
