<?xml version="1.0" encoding="UTF-8"?>
<!-- Generated by org.testng.reporters.JUnitReportReporter -->
<testsuite hostname="DESKTOP-3GSDB98" failures="0" tests="1" name="AlertsConcept.AlertConcept3" time="37.474" errors="0" timestamp="2023-06-04T19:21:31 IST" skipped="0">
  <testcase classname="AlertsConcept.AlertConcept3" name="alertHandling" time="37.474"/>
  <system-out/>
</testsuite> <!-- AlertsConcept.AlertConcept3 -->
