<?xml version="1.0" encoding="UTF-8"?>
<!-- Generated by org.testng.reporters.JUnitReportReporter -->
<testsuite hostname="DESKTOP-3GSDB98" failures="0" tests="1" name="FirstScript" time="64.390" errors="0" timestamp="2023-05-21T12:15:20 IST" skipped="0">
  <testcase classname="FirstScript" name="loginPage" time="64.390"/>
  <system-out/>
</testsuite> <!-- FirstScript -->
