<?xml version="1.0" encoding="UTF-8"?>
<!-- Generated by org.testng.reporters.JUnitReportReporter -->
<testsuite hostname="DESKTOP-3GSDB98" failures="0" tests="5" name="testng.com.InvocationCountConcept" time="0.016" errors="0" timestamp="2023-05-27T07:46:06 IST" skipped="0">
  <testcase classname="testng.com.InvocationCountConcept" name="createAccount" time="0.003"/>
  <system-out/>
  <testcase classname="testng.com.InvocationCountConcept" name="createAccount" time="0.003"/>
  <system-out/>
  <testcase classname="testng.com.InvocationCountConcept" name="createAccount" time="0.004"/>
  <system-out/>
  <testcase classname="testng.com.InvocationCountConcept" name="createAccount" time="0.004"/>
  <system-out/>
  <testcase classname="testng.com.InvocationCountConcept" name="createAccount" time="0.002"/>
  <system-out/>
</testsuite> <!-- testng.com.InvocationCountConcept -->
