<?xml version="1.0" encoding="UTF-8"?>
<!-- Generated by org.testng.reporters.JUnitReportReporter -->
<testsuite hostname="DESKTOP-3GSDB98" failures="0" tests="1" name="testng.com.Actitime" time="0.090" errors="0" timestamp="2023-05-26T11:01:04 IST" skipped="0">
  <testcase classname="testng.com.Actitime" name="testtitle" time="0.090"/>
  <system-out/>
</testsuite> <!-- testng.com.Actitime -->
