<?xml version="1.0" encoding="UTF-8"?>
<!-- Generated by org.testng.reporters.JUnitReportReporter -->
<testsuite hostname="DESKTOP-3GSDB98" failures="0" tests="1" name="ActionConcepts.ScrollDemo" time="60.478" errors="0" timestamp="2023-06-04T19:52:01 IST" skipped="0">
  <testcase classname="ActionConcepts.ScrollDemo" name="scrollDownandUp" time="60.478"/>
  <system-out/>
</testsuite> <!-- ActionConcepts.ScrollDemo -->
