<?xml version="1.0" encoding="UTF-8"?>
<!-- Generated by org.testng.reporters.JUnitReportReporter -->
<testsuite hostname="DESKTOP-3GSDB98" failures="0" tests="1" name="ActionConcepts.MoveToElementConcept" time="43.413" errors="0" timestamp="2023-06-04T20:08:39 IST" skipped="0">
  <testcase classname="ActionConcepts.MoveToElementConcept" name="alertHandling" time="43.413"/>
  <system-out/>
</testsuite> <!-- ActionConcepts.MoveToElementConcept -->
