<?xml version="1.0" encoding="UTF-8"?>
<!-- Generated by org.testng.reporters.JUnitReportReporter -->
<testsuite hostname="DESKTOP-3GSDB98" failures="0" tests="1" name="ActionConcepts.ActionDemo" time="32.084" errors="0" timestamp="2023-06-04T19:36:22 IST" skipped="0">
  <testcase classname="ActionConcepts.ActionDemo" name="alertHandling" time="32.084"/>
  <system-out/>
</testsuite> <!-- ActionConcepts.ActionDemo -->
